<?xml version="1.0" encoding="UTF-8"?>
<!-- Generated by org.testng.reporters.JUnitReportReporter -->
<testsuite hostname="QAP" name="TestScripts.Tc1_Login" tests="1" failures="0" timestamp="7 Sep 2017 02:52:36 GMT" time="16.846" errors="0">
  <testcase name="verifyOrangeHRM" time="16.846" classname="TestScripts.Tc1_Login"/>
</testsuite> <!-- TestScripts.Tc1_Login -->
