<?xml version="1.0" encoding="UTF-8"?>
<!-- Generated by org.testng.reporters.JUnitReportReporter -->
<testsuite hostname="QAP" name="TestScripts.TC2_AddEmp" tests="1" failures="0" timestamp="7 Sep 2017 02:52:36 GMT" time="24.826" errors="0">
  <testcase name="AddEmployee" time="24.826" classname="TestScripts.TC2_AddEmp"/>
</testsuite> <!-- TestScripts.TC2_AddEmp -->
