<?xml version="1.0" encoding="UTF-8"?>
<!-- Generated by org.testng.reporters.JUnitReportReporter -->
<testsuite hostname="QAP" name="TestScripts.Tc1_Login" tests="1" failures="0" timestamp="7 Sep 2017 02:47:49 GMT" time="13.406" errors="0">
  <testcase name="verifyOrangeHRM" time="13.406" classname="TestScripts.Tc1_Login"/>
</testsuite> <!-- TestScripts.Tc1_Login -->
